<?xml version="1.0"?>
<testsuite name="HeadlessChrome 81.0.4044 (Windows 10.0.0)" package="" timestamp="2020-04-30T12:49:16" id="0" hostname="KarunaJhaggar" tests="48" errors="1" failures="0" time="0.855">
  <properties>
    <property name="browser.fullName" value="Mozilla/5.0 (Windows NT 10.0; Win64; x64) AppleWebKit/537.36 (KHTML, like Gecko) HeadlessChrome/81.0.4044.129 Safari/537.36"/>
  </properties>
  <testcase name="ProductCardComponent should create" time="0.23" classname="ProductCardComponent"/>
  <testcase name="AppComponent should create the app" time="0.054" classname="AppComponent"/>
  <testcase name="LoaderComponent should not be visible by default" time="0.02" classname="LoaderComponent"/>
  <testcase name="LoaderComponent should be visible when app is loading" time="0.017" classname="LoaderComponent"/>
  <testcase name="LoaderComponent should not display a message by default" time="0.015" classname="LoaderComponent"/>
  <testcase name="LoaderComponent should display specified message" time="0.015" classname="LoaderComponent"/>
  <testcase name="ErrorHandlerInterceptor should catch error and call error handler" time="0.014" classname="ErrorHandlerInterceptor"/>
  <testcase name="LoginComponent should create" time="0.117" classname="LoginComponent"/>
  <testcase name="AuthenticationGuard should return true if user is authenticated" time="0.01" classname="AuthenticationGuard"/>
  <testcase name="AuthenticationGuard should have a canActivate method" time="0.006" classname="AuthenticationGuard"/>
  <testcase name="AuthenticationGuard should return false and redirect to login if user is not authenticated" time="0.009" classname="AuthenticationGuard"/>
  <testcase name="AuthenticationGuard should save url as queryParam if user is not authenticated" time="0.003" classname="AuthenticationGuard"/>
  <testcase name="LanguageSelectorComponent should create" time="0.016" classname="LanguageSelectorComponent"/>
  <testcase name="I18nService get language should return current language" time="0.005" classname="I18nService get language"/>
  <testcase name="I18nService extract should not modify string" time="0.008" classname="I18nService extract"/>
  <testcase name="I18nService set language should change current language to default if unsupported" time="0.004" classname="I18nService set language"/>
  <testcase name="I18nService set language should change current language without a region match" time="0.005" classname="I18nService set language"/>
  <testcase name="I18nService set language should change current language" time="0.005" classname="I18nService set language"/>
  <testcase name="I18nService init should init with default language" time="0.004" classname="I18nService init"/>
  <testcase name="I18nService init should init with save language" time="0.005" classname="I18nService init"/>
  <testcase name="Logger should create an instance" time="0.001" classname="Logger"/>
  <testcase name="Logger should add a new LogOutput and receives log entries" time="0.002" classname="Logger"/>
  <testcase name="Logger should add a new LogOutput and receives only production log entries" time="0.001" classname="Logger"/>
  <testcase name="AuthenticationService login should authenticate user" time="0.006" classname="AuthenticationService login"/>
  <testcase name="AuthenticationService login should return credentials" time="0.005" classname="AuthenticationService login"/>
  <testcase name="AuthenticationService login should persist credentials for the session" time="0.004" classname="AuthenticationService login"/>
  <testcase name="AuthenticationService login should persist credentials across sessions" time="0.007" classname="AuthenticationService login"/>
  <testcase name="AuthenticationService logout should clear user authentication" time="0.004" classname="AuthenticationService logout"/>
  <testcase name="ProductComponent should create" time="0.086" classname="ProductComponent"/>
  <testcase name="ProductComponent Page Title should be &quot;PRODUCT&quot;" time="0.01" classname="ProductComponent"/>
  <testcase name="CredentialsService setCredentials should persist credentials for the session" time="0.005" classname="CredentialsService setCredentials"/>
  <testcase name="CredentialsService setCredentials should clean authentication" time="0.005" classname="CredentialsService setCredentials"/>
  <testcase name="CredentialsService setCredentials should authenticate user if credentials are set" time="0.004" classname="CredentialsService setCredentials"/>
  <testcase name="CredentialsService setCredentials should persist credentials across sessions" time="0.004" classname="CredentialsService setCredentials"/>
  <testcase name="CredentialsService setCredentials should clear user authentication" time="0.005" classname="CredentialsService setCredentials"/>
  <testcase name="untilDestroyed should not throw when destroy method is implemented on super class" time="0.001" classname="untilDestroyed"/>
  <testcase name="untilDestroyed should work with classes that are not components" time="0.002" classname="untilDestroyed"/>
  <testcase name="untilDestroyed should unsubscribe from anywhere" time="0.002" classname="untilDestroyed"/>
  <testcase name="untilDestroyed should not destroy other instances" time="0.003" classname="untilDestroyed"/>
  <testcase name="untilDestroyed should work with multiple observables" time="0.001" classname="untilDestroyed"/>
  <testcase name="untilDestroyed should throw when destroy method doesnt exist" time="0.003" classname="untilDestroyed"/>
  <testcase name="untilDestroyed should work with subclass" time="0.001" classname="untilDestroyed"/>
  <testcase name="ApiPrefixInterceptor should not prepend environment.serverUrl to request url" time="0.009" classname="ApiPrefixInterceptor"/>
  <testcase name="ApiPrefixInterceptor should prepend environment.serverUrl to the request url" time="0.006" classname="ApiPrefixInterceptor"/>
  <testcase name="ProductService should be created" time="0.005" classname="ProductService"/>
  <testcase name="HeaderComponent should create" time="0.067" classname="HeaderComponent"/>
  <testcase name="ShellComponent should create" time="0.04" classname="ShellComponent"/>
  <testcase name="Shell childRoutes should create routes as children of shell" time="0.004" classname="Shell childRoutes"/>
  <system-out>
    <![CDATA[HeadlessChrome 81.0.4044 (Windows 10.0.0) ERROR
  An error was thrown in afterAll
  Error: Module build failed (from ./node_modules/@ngtools/webpack/src/index.js):
  Error: C:\Users\sarvesh\Documents\IKO Test\src\app\shop\product-detail\product-detail.component.spec.ts is missing from the TypeScript compilation. Please make sure it is in your tsconfig via the 'files' or 'include' property.
      at AngularCompilerPlugin.getCompiledFile (C:\Users\sarvesh\Documents\IKO Test\node_modules\@ngtools\webpack\src\angular_compiler_plugin.js:933:23)
      at plugin.done.then (C:\Users\sarvesh\Documents\IKO Test\node_modules\@ngtools\webpack\src\loader.js:41:31)
      at process._tickCallback (internal/process/next_tick.js:68:7)
      at Object../src/app/shop/product-detail/product-detail.component.spec.ts (http://localhost:9876/_karma_webpack_/main.js:3588:7)
      at __webpack_require__ (http://localhost:9876/_karma_webpack_/webpack/bootstrap:79:1)
      at webpackContext (http://localhost:9876/_karma_webpack_/src sync \.spec\.ts$:27:1)
      at Array.map (<anonymous>)
      at Module../src/test.ts (http://localhost:9876/_karma_webpack_/src/test.ts:17:16)
      at __webpack_require__ (http://localhost:9876/_karma_webpack_/webpack/bootstrap:79:1)
      at checkDeferredModules (http://localhost:9876/_karma_webpack_/webpack/bootstrap:45:1)
      at http://localhost:9876/_karma_webpack_/webpack/bootstrap:152:1
      at http://localhost:9876/_karma_webpack_/main.js:156:10

]]>
  </system-out>
  <system-err/>
</testsuite>